android/app/build/intermediates/manifest_merge_blame_file/debug/manifest-merger-blame-debug-report.txt
1<?xml version="1.0" encoding="utf-8"?>
2<manifest xmlns:android="http://schemas.android.com/apk/res/android"
3    package="com.apprenticeship"
4    android:versionCode="1"
5    android:versionName="1.0" >
6
7    <uses-sdk
8        android:minSdkVersion="21"
9        android:targetSdkVersion="29" />
10
11    <uses-permission android:name="android.permission.SYSTEM_ALERT_WINDOW" />
11-->src/debug/AndroidManifest.xml:5:5-77
11-->src/debug/AndroidManifest.xml:5:22-75
12    <uses-permission android:name="android.permission.INTERNET" />
12-->src/main/AndroidManifest.xml:6:4-66
12-->src/main/AndroidManifest.xml:6:21-63
13    <uses-permission android:name="android.permission.CAMERA" />
13-->src/main/AndroidManifest.xml:7:5-65
13-->src/main/AndroidManifest.xml:7:22-62
14    <uses-permission android:name="android.permission.WRITE_EXTERNAL_STORAGE" />
14-->src/main/AndroidManifest.xml:8:5-81
14-->src/main/AndroidManifest.xml:8:22-78
15    <uses-permission android:name="android.permission.READ_EXTERNAL_STORAGE" /> <!-- Define ACCESS_FINE_LOCATION if you will use enableHighAccuracy=true -->
15-->src/main/AndroidManifest.xml:9:5-80
15-->src/main/AndroidManifest.xml:9:22-77
16    <uses-permission android:name="android.permission.ACCESS_FINE_LOCATION" /> <!-- Define ACCESS_COARSE_LOCATION if you will use enableHighAccuracy=false -->
16-->src/main/AndroidManifest.xml:12:1-74
16-->src/main/AndroidManifest.xml:12:18-72
17    <uses-permission android:name="android.permission.ACCESS_COARSE_LOCATION" />
17-->src/main/AndroidManifest.xml:15:1-76
17-->src/main/AndroidManifest.xml:15:18-74
18    <uses-permission android:name="android.permission.ACCESS_WIFI_STATE" />
18-->[com.facebook.flipper:flipper:0.75.1] AndroidManifest.xml:16:5-76
18-->[com.facebook.flipper:flipper:0.75.1] AndroidManifest.xml:16:22-73
19    <uses-permission android:name="android.permission.ACCESS_NETWORK_STATE" />
19-->[:react-native-community_netinfo] AndroidManifest.xml:9:5-79
19-->[:react-native-community_netinfo] AndroidManifest.xml:9:22-76
20    <uses-permission android:name="android.permission.WAKE_LOCK" />
20-->[:react-native-firebase_auth] AndroidManifest.xml:12:5-68
20-->[:react-native-firebase_auth] AndroidManifest.xml:12:22-65
21    <uses-permission android:name="android.permission.FOREGROUND_SERVICE" /> <!-- Required to access Google Play Licensing -->
21-->[:react-native-track-player] AndroidManifest.xml:12:5-77
21-->[:react-native-track-player] AndroidManifest.xml:12:22-74
22    <uses-permission android:name="com.android.vending.CHECK_LICENSE" /> <!-- 适配Android R包可见性 开始 -->
22-->[:rn-fetch-blob] AndroidManifest.xml:12:5-73
22-->[:rn-fetch-blob] AndroidManifest.xml:12:22-70
23    <queries package="com.apprenticeship" >
23-->[com.github.LuckSiege.PictureSelector:picture_library:v2.6.0] AndroidManifest.xml:14:5-21:15
23-->[com.github.LuckSiege.PictureSelector:picture_library:v2.6.0] AndroidManifest.xml:14:14-40
24        <intent>
24-->[com.github.LuckSiege.PictureSelector:picture_library:v2.6.0] AndroidManifest.xml:15:9-17:18
25            <action android:name="android.media.action.IMAGE_CAPTURE" />
25-->[com.github.LuckSiege.PictureSelector:picture_library:v2.6.0] AndroidManifest.xml:16:13-73
25-->[com.github.LuckSiege.PictureSelector:picture_library:v2.6.0] AndroidManifest.xml:16:21-70
26        </intent>
27        <intent>
27-->[com.github.LuckSiege.PictureSelector:picture_library:v2.6.0] AndroidManifest.xml:18:9-20:18
28            <action android:name="android.media.action.ACTION_VIDEO_CAPTURE" />
28-->[com.github.LuckSiege.PictureSelector:picture_library:v2.6.0] AndroidManifest.xml:19:13-80
28-->[com.github.LuckSiege.PictureSelector:picture_library:v2.6.0] AndroidManifest.xml:19:21-77
29        </intent>
30    </queries> <!-- Required by older versions of Google Play services to create IID tokens -->
31    <uses-permission android:name="com.google.android.c2dm.permission.RECEIVE" />
31-->[com.google.android.gms:play-services-iid:17.0.0] AndroidManifest.xml:23:5-82
31-->[com.google.android.gms:play-services-iid:17.0.0] AndroidManifest.xml:23:22-79
32    <uses-permission android:name="com.google.android.finsky.permission.BIND_GET_INSTALL_REFERRER_SERVICE" />
32-->[com.google.android.gms:play-services-measurement:19.0.0] AndroidManifest.xml:26:5-110
32-->[com.google.android.gms:play-services-measurement:19.0.0] AndroidManifest.xml:26:22-107
33
34    <application
34-->src/main/AndroidManifest.xml:18:5-45:19
35        android:name="com.apprenticeship.MainApplication"
35-->src/main/AndroidManifest.xml:19:7-38
36        android:allowBackup="false"
36-->src/main/AndroidManifest.xml:23:7-34
37        android:appComponentFactory="androidx.core.app.CoreComponentFactory"
37-->[androidx.core:core:1.3.2] AndroidManifest.xml:24:18-86
38        android:debuggable="true"
39        android:icon="@mipmap/ic_launcher"
39-->src/main/AndroidManifest.xml:21:7-41
40        android:label="@string/app_name"
40-->src/main/AndroidManifest.xml:20:7-39
41        android:requestLegacyExternalStorage="true"
41-->[:react-native-customized-image-picker] AndroidManifest.xml:10:18-61
42        android:roundIcon="@mipmap/ic_launcher_round"
42-->src/main/AndroidManifest.xml:22:7-52
43        android:theme="@style/AppTheme"
43-->src/main/AndroidManifest.xml:25:7-38
44        android:usesCleartextTraffic="true" >
44-->src/debug/AndroidManifest.xml:8:9-44
45        <activity android:name="com.facebook.react.devsupport.DevSettingsActivity" />
45-->src/debug/AndroidManifest.xml:11:9-86
45-->src/debug/AndroidManifest.xml:11:19-83
46        <activity
46-->src/main/AndroidManifest.xml:26:7-36:18
47            android:name="com.apprenticeship.MainActivity"
47-->src/main/AndroidManifest.xml:27:9-37
48            android:configChanges="keyboard|keyboardHidden|orientation|screenSize|uiMode"
48-->src/main/AndroidManifest.xml:29:9-86
49            android:label="@string/app_name"
49-->src/main/AndroidManifest.xml:28:9-41
50            android:launchMode="singleTask"
50-->src/main/AndroidManifest.xml:30:9-40
51            android:windowSoftInputMode="adjustResize" >
51-->src/main/AndroidManifest.xml:31:9-51
52            <intent-filter>
52-->src/main/AndroidManifest.xml:32:9-35:25
53                <action android:name="android.intent.action.MAIN" />
53-->src/main/AndroidManifest.xml:33:13-65
53-->src/main/AndroidManifest.xml:33:21-62
54
55                <category android:name="android.intent.category.LAUNCHER" />
55-->src/main/AndroidManifest.xml:34:13-73
55-->src/main/AndroidManifest.xml:34:23-70
56            </intent-filter>
57        </activity>
58        <activity
58-->src/main/AndroidManifest.xml:38:3-41:56
59            android:name="cn.finalteam.rxgalleryfinal.ui.activity.MediaActivity"
59-->src/main/AndroidManifest.xml:39:11-79
60            android:exported="true"
60-->src/main/AndroidManifest.xml:40:11-34
61            android:screenOrientation="portrait"
61-->[:react-native-customized-image-picker] AndroidManifest.xml:14:13-49
62            android:theme="@style/Theme_Light.Default" />
62-->src/main/AndroidManifest.xml:41:11-53
63        <activity
63-->src/main/AndroidManifest.xml:43:5-93
64            android:name="com.yalantis.ucrop.UCropActivity"
64-->src/main/AndroidManifest.xml:43:15-62
65            android:screenOrientation="portrait" />
65-->[:react-native-customized-image-picker] AndroidManifest.xml:18:13-49
66
67        <provider
67-->[:react-native-doc-viewer] AndroidManifest.xml:15:9-23:20
68            android:name="com.reactlibrary.FileProviderClass"
68-->[:react-native-doc-viewer] AndroidManifest.xml:16:13-62
69            android:authorities="com.apprenticeship.docViewer_provider"
69-->[:react-native-doc-viewer] AndroidManifest.xml:17:13-70
70            android:exported="false"
70-->[:react-native-doc-viewer] AndroidManifest.xml:18:13-37
71            android:grantUriPermissions="true" >
71-->[:react-native-doc-viewer] AndroidManifest.xml:19:13-47
72            <meta-data
72-->[:react-native-doc-viewer] AndroidManifest.xml:20:13-22:53
73                android:name="android.support.FILE_PROVIDER_PATHS"
73-->[:react-native-doc-viewer] AndroidManifest.xml:21:17-67
74                android:resource="@xml/filepaths" />
74-->[:react-native-doc-viewer] AndroidManifest.xml:22:17-50
75        </provider>
76        <provider
76-->[:react-native-file-viewer] AndroidManifest.xml:12:9-20:20
77            android:name="com.vinzscam.reactnativefileviewer.FileProvider"
77-->[:react-native-file-viewer] AndroidManifest.xml:13:13-75
78            android:authorities="com.apprenticeship.provider"
78-->[:react-native-file-viewer] AndroidManifest.xml:14:13-60
79            android:exported="false"
79-->[:react-native-file-viewer] AndroidManifest.xml:15:13-37
80            android:grantUriPermissions="true" >
80-->[:react-native-file-viewer] AndroidManifest.xml:16:13-47
81            <meta-data
81-->[:react-native-doc-viewer] AndroidManifest.xml:20:13-22:53
82                android:name="android.support.FILE_PROVIDER_PATHS"
82-->[:react-native-doc-viewer] AndroidManifest.xml:21:17-67
83                android:resource="@xml/file_viewer_provider_paths" />
83-->[:react-native-doc-viewer] AndroidManifest.xml:22:17-50
84        </provider>
85        <provider
85-->[:react-native-image-picker] AndroidManifest.xml:12:9-20:20
86            android:name="com.imagepicker.ImagePickerProvider"
86-->[:react-native-image-picker] AndroidManifest.xml:13:13-63
87            android:authorities="com.apprenticeship.imagepickerprovider"
87-->[:react-native-image-picker] AndroidManifest.xml:14:13-71
88            android:exported="false"
88-->[:react-native-image-picker] AndroidManifest.xml:15:13-37
89            android:grantUriPermissions="true" >
89-->[:react-native-image-picker] AndroidManifest.xml:16:13-47
90            <meta-data
90-->[:react-native-doc-viewer] AndroidManifest.xml:20:13-22:53
91                android:name="android.support.FILE_PROVIDER_PATHS"
91-->[:react-native-doc-viewer] AndroidManifest.xml:21:17-67
92                android:resource="@xml/imagepicker_provider_paths" />
92-->[:react-native-doc-viewer] AndroidManifest.xml:22:17-50
93        </provider> <!-- The main service, handles playback, playlists and media buttons -->
94        <service
94-->[:react-native-track-player] AndroidManifest.xml:17:9-24:19
95            android:name="com.guichaguri.trackplayer.service.MusicService"
95-->[:react-native-track-player] AndroidManifest.xml:18:13-75
96            android:enabled="true"
96-->[:react-native-track-player] AndroidManifest.xml:19:13-35
97            android:exported="true" >
97-->[:react-native-track-player] AndroidManifest.xml:20:13-36
98            <intent-filter>
98-->[:react-native-track-player] AndroidManifest.xml:21:13-23:29
99                <action android:name="android.intent.action.MEDIA_BUTTON" />
99-->[:react-native-track-player] AndroidManifest.xml:22:17-77
99-->[:react-native-track-player] AndroidManifest.xml:22:25-74
100            </intent-filter>
101        </service> <!-- A receiver that will receive media buttons. Required on pre-lollipop devices -->
102        <receiver android:name="androidx.media.session.MediaButtonReceiver" >
102-->[:react-native-track-player] AndroidManifest.xml:27:9-31:20
102-->[:react-native-track-player] AndroidManifest.xml:27:19-76
103            <intent-filter>
103-->[:react-native-track-player] AndroidManifest.xml:21:13-23:29
104                <action android:name="android.intent.action.MEDIA_BUTTON" />
104-->[:react-native-track-player] AndroidManifest.xml:22:17-77
104-->[:react-native-track-player] AndroidManifest.xml:22:25-74
105            </intent-filter>
106        </receiver>
107
108        <provider
108-->[:rn-fetch-blob] AndroidManifest.xml:36:9-44:20
109            android:name="com.RNFetchBlob.Utils.FileProvider"
109-->[:rn-fetch-blob] AndroidManifest.xml:37:13-62
110            android:authorities="com.apprenticeship.provider"
110-->[:rn-fetch-blob] AndroidManifest.xml:38:13-60
111            android:exported="false"
111-->[:rn-fetch-blob] AndroidManifest.xml:39:13-37
112            android:grantUriPermissions="true" >
112-->[:rn-fetch-blob] AndroidManifest.xml:40:13-47
113            <meta-data
113-->[:react-native-doc-viewer] AndroidManifest.xml:20:13-22:53
114                android:name="android.support.FILE_PROVIDER_PATHS"
114-->[:react-native-doc-viewer] AndroidManifest.xml:21:17-67
115                android:resource="@xml/provider_paths" />
115-->[:react-native-doc-viewer] AndroidManifest.xml:22:17-50
116        </provider>
117
118        <activity
118-->[com.google.firebase:firebase-auth:21.0.1] AndroidManifest.xml:27:9-44:20
119            android:name="com.google.firebase.auth.internal.GenericIdpActivity"
119-->[com.google.firebase:firebase-auth:21.0.1] AndroidManifest.xml:28:13-80
120            android:excludeFromRecents="true"
120-->[com.google.firebase:firebase-auth:21.0.1] AndroidManifest.xml:29:13-46
121            android:exported="true"
121-->[com.google.firebase:firebase-auth:21.0.1] AndroidManifest.xml:30:13-36
122            android:launchMode="singleTask"
122-->[com.google.firebase:firebase-auth:21.0.1] AndroidManifest.xml:31:13-44
123            android:theme="@android:style/Theme.Translucent.NoTitleBar" >
123-->[com.google.firebase:firebase-auth:21.0.1] AndroidManifest.xml:32:13-72
124            <intent-filter>
124-->[com.google.firebase:firebase-auth:21.0.1] AndroidManifest.xml:33:13-43:29
125                <action android:name="android.intent.action.VIEW" />
125-->[com.google.firebase:firebase-auth:21.0.1] AndroidManifest.xml:34:17-69
125-->[com.google.firebase:firebase-auth:21.0.1] AndroidManifest.xml:34:25-66
126
127                <category android:name="android.intent.category.DEFAULT" />
127-->[com.google.firebase:firebase-auth:21.0.1] AndroidManifest.xml:36:17-76
127-->[com.google.firebase:firebase-auth:21.0.1] AndroidManifest.xml:36:27-73
128                <category android:name="android.intent.category.BROWSABLE" />
128-->[com.google.firebase:firebase-auth:21.0.1] AndroidManifest.xml:37:17-78
128-->[com.google.firebase:firebase-auth:21.0.1] AndroidManifest.xml:37:27-75
129
130                <data
130-->[com.google.firebase:firebase-auth:21.0.1] AndroidManifest.xml:39:17-42:51
131                    android:host="firebase.auth"
131-->[com.google.firebase:firebase-auth:21.0.1] AndroidManifest.xml:40:21-49
132                    android:path="/"
132-->[com.google.firebase:firebase-auth:21.0.1] AndroidManifest.xml:41:21-37
133                    android:scheme="genericidp" />
133-->[com.google.firebase:firebase-auth:21.0.1] AndroidManifest.xml:42:21-48
134            </intent-filter>
135        </activity>
136        <activity
136-->[com.google.firebase:firebase-auth:21.0.1] AndroidManifest.xml:45:9-62:20
137            android:name="com.google.firebase.auth.internal.RecaptchaActivity"
137-->[com.google.firebase:firebase-auth:21.0.1] AndroidManifest.xml:46:13-79
138            android:excludeFromRecents="true"
138-->[com.google.firebase:firebase-auth:21.0.1] AndroidManifest.xml:47:13-46
139            android:exported="true"
139-->[com.google.firebase:firebase-auth:21.0.1] AndroidManifest.xml:48:13-36
140            android:launchMode="singleTask"
140-->[com.google.firebase:firebase-auth:21.0.1] AndroidManifest.xml:49:13-44
141            android:theme="@android:style/Theme.Translucent.NoTitleBar" >
141-->[com.google.firebase:firebase-auth:21.0.1] AndroidManifest.xml:50:13-72
142            <intent-filter>
142-->[com.google.firebase:firebase-auth:21.0.1] AndroidManifest.xml:51:13-61:29
143                <action android:name="android.intent.action.VIEW" />
143-->[com.google.firebase:firebase-auth:21.0.1] AndroidManifest.xml:34:17-69
143-->[com.google.firebase:firebase-auth:21.0.1] AndroidManifest.xml:34:25-66
144
145                <category android:name="android.intent.category.DEFAULT" />
145-->[com.google.firebase:firebase-auth:21.0.1] AndroidManifest.xml:36:17-76
145-->[com.google.firebase:firebase-auth:21.0.1] AndroidManifest.xml:36:27-73
146                <category android:name="android.intent.category.BROWSABLE" />
146-->[com.google.firebase:firebase-auth:21.0.1] AndroidManifest.xml:37:17-78
146-->[com.google.firebase:firebase-auth:21.0.1] AndroidManifest.xml:37:27-75
147
148                <data
148-->[com.google.firebase:firebase-auth:21.0.1] AndroidManifest.xml:39:17-42:51
149                    android:host="firebase.auth"
149-->[com.google.firebase:firebase-auth:21.0.1] AndroidManifest.xml:40:21-49
150                    android:path="/"
150-->[com.google.firebase:firebase-auth:21.0.1] AndroidManifest.xml:41:21-37
151                    android:scheme="recaptcha" />
151-->[com.google.firebase:firebase-auth:21.0.1] AndroidManifest.xml:42:21-48
152            </intent-filter>
153        </activity>
154
155        <service
155-->[com.google.firebase:firebase-auth:21.0.1] AndroidManifest.xml:64:9-73:19
156            android:name="com.google.firebase.auth.api.fallback.service.FirebaseAuthFallbackService"
156-->[com.google.firebase:firebase-auth:21.0.1] AndroidManifest.xml:65:13-101
157            android:enabled="true"
157-->[com.google.firebase:firebase-auth:21.0.1] AndroidManifest.xml:66:13-35
158            android:exported="false" >
158-->[com.google.firebase:firebase-auth:21.0.1] AndroidManifest.xml:67:13-37
159            <intent-filter>
159-->[com.google.firebase:firebase-auth:21.0.1] AndroidManifest.xml:68:13-72:29
160                <action android:name="com.google.firebase.auth.api.gms.service.START" />
160-->[com.google.firebase:firebase-auth:21.0.1] AndroidManifest.xml:69:17-89
160-->[com.google.firebase:firebase-auth:21.0.1] AndroidManifest.xml:69:25-86
161
162                <category android:name="android.intent.category.DEFAULT" />
162-->[com.google.firebase:firebase-auth:21.0.1] AndroidManifest.xml:36:17-76
162-->[com.google.firebase:firebase-auth:21.0.1] AndroidManifest.xml:36:27-73
163            </intent-filter>
164        </service>
165        <service
165-->[com.google.firebase:firebase-auth:21.0.1] AndroidManifest.xml:74:9-80:19
166            android:name="com.google.firebase.components.ComponentDiscoveryService"
166-->[com.google.firebase:firebase-auth:21.0.1] AndroidManifest.xml:75:13-84
167            android:directBootAware="true"
167-->[com.google.firebase:firebase-common:20.0.0] AndroidManifest.xml:35:13-43
168            android:exported="false" >
168-->[com.google.firebase:firebase-auth:21.0.1] AndroidManifest.xml:76:13-37
169            <meta-data
169-->[com.google.firebase:firebase-auth:21.0.1] AndroidManifest.xml:77:13-79:85
170                android:name="com.google.firebase.components:com.google.firebase.auth.FirebaseAuthRegistrar"
170-->[com.google.firebase:firebase-auth:21.0.1] AndroidManifest.xml:78:17-109
171                android:value="com.google.firebase.components.ComponentRegistrar" />
171-->[com.google.firebase:firebase-auth:21.0.1] AndroidManifest.xml:79:17-82
172            <meta-data
172-->[com.google.firebase:firebase-firestore:23.0.3] AndroidManifest.xml:20:13-22:85
173                android:name="com.google.firebase.components:com.google.firebase.firestore.FirestoreRegistrar"
173-->[com.google.firebase:firebase-firestore:23.0.3] AndroidManifest.xml:21:17-111
174                android:value="com.google.firebase.components.ComponentRegistrar" />
174-->[com.google.firebase:firebase-firestore:23.0.3] AndroidManifest.xml:22:17-82
175            <meta-data
175-->[com.google.firebase:firebase-storage:20.0.0] AndroidManifest.xml:33:13-35:85
176                android:name="com.google.firebase.components:com.google.firebase.storage.StorageRegistrar"
176-->[com.google.firebase:firebase-storage:20.0.0] AndroidManifest.xml:34:17-107
177                android:value="com.google.firebase.components.ComponentRegistrar" />
177-->[com.google.firebase:firebase-storage:20.0.0] AndroidManifest.xml:35:17-82
178            <meta-data
178-->[com.google.android.gms:play-services-measurement-api:19.0.0] AndroidManifest.xml:30:13-32:85
179                android:name="com.google.firebase.components:com.google.firebase.analytics.connector.internal.AnalyticsConnectorRegistrar"
179-->[com.google.android.gms:play-services-measurement-api:19.0.0] AndroidManifest.xml:31:17-139
180                android:value="com.google.firebase.components.ComponentRegistrar" />
180-->[com.google.android.gms:play-services-measurement-api:19.0.0] AndroidManifest.xml:32:17-82
181            <meta-data
181-->[com.google.firebase:firebase-installations:17.0.0] AndroidManifest.xml:18:13-20:85
182                android:name="com.google.firebase.components:com.google.firebase.installations.FirebaseInstallationsRegistrar"
182-->[com.google.firebase:firebase-installations:17.0.0] AndroidManifest.xml:19:17-127
183                android:value="com.google.firebase.components.ComponentRegistrar" />
183-->[com.google.firebase:firebase-installations:17.0.0] AndroidManifest.xml:20:17-82
184        </service>
185
186        <provider
186-->[com.google.firebase:firebase-common:20.0.0] AndroidManifest.xml:26:9-31:39
187            android:name="com.google.firebase.provider.FirebaseInitProvider"
187-->[com.google.firebase:firebase-common:20.0.0] AndroidManifest.xml:27:13-77
188            android:authorities="com.apprenticeship.firebaseinitprovider"
188-->[com.google.firebase:firebase-common:20.0.0] AndroidManifest.xml:28:13-72
189            android:directBootAware="true"
189-->[com.google.firebase:firebase-common:20.0.0] AndroidManifest.xml:29:13-43
190            android:exported="false"
190-->[com.google.firebase:firebase-common:20.0.0] AndroidManifest.xml:30:13-37
191            android:initOrder="100" />
191-->[com.google.firebase:firebase-common:20.0.0] AndroidManifest.xml:31:13-36
192        <provider
192-->[com.github.LuckSiege.PictureSelector:picture_library:v2.6.0] AndroidManifest.xml:25:9-33:20
193            android:name="com.luck.picture.lib.PictureFileProvider"
193-->[com.github.LuckSiege.PictureSelector:picture_library:v2.6.0] AndroidManifest.xml:26:13-68
194            android:authorities="com.apprenticeship.provider"
194-->[com.github.LuckSiege.PictureSelector:picture_library:v2.6.0] AndroidManifest.xml:27:13-60
195            android:exported="false"
195-->[com.github.LuckSiege.PictureSelector:picture_library:v2.6.0] AndroidManifest.xml:28:13-37
196            android:grantUriPermissions="true" >
196-->[com.github.LuckSiege.PictureSelector:picture_library:v2.6.0] AndroidManifest.xml:29:13-47
197            <meta-data
197-->[:react-native-doc-viewer] AndroidManifest.xml:20:13-22:53
198                android:name="android.support.FILE_PROVIDER_PATHS"
198-->[:react-native-doc-viewer] AndroidManifest.xml:21:17-67
199                android:resource="@xml/file_paths" />
199-->[:react-native-doc-viewer] AndroidManifest.xml:22:17-50
200        </provider>
201
202        <activity
202-->[com.github.LuckSiege.PictureSelector:picture_library:v2.6.0] AndroidManifest.xml:35:9-37:77
203            android:name="com.luck.picture.lib.PictureSelectorActivity"
203-->[com.github.LuckSiege.PictureSelector:picture_library:v2.6.0] AndroidManifest.xml:36:13-72
204            android:configChanges="orientation|keyboardHidden|screenSize" />
204-->[com.github.LuckSiege.PictureSelector:picture_library:v2.6.0] AndroidManifest.xml:37:13-74
205        <activity
205-->[com.github.LuckSiege.PictureSelector:picture_library:v2.6.0] AndroidManifest.xml:38:9-40:77
206            android:name="com.luck.picture.lib.PictureSelectorWeChatStyleActivity"
206-->[com.github.LuckSiege.PictureSelector:picture_library:v2.6.0] AndroidManifest.xml:39:13-83
207            android:configChanges="orientation|keyboardHidden|screenSize" />
207-->[com.github.LuckSiege.PictureSelector:picture_library:v2.6.0] AndroidManifest.xml:40:13-74
208        <activity
208-->[com.github.LuckSiege.PictureSelector:picture_library:v2.6.0] AndroidManifest.xml:41:9-44:64
209            android:name="com.luck.picture.lib.PictureSelectorCameraEmptyActivity"
209-->[com.github.LuckSiege.PictureSelector:picture_library:v2.6.0] AndroidManifest.xml:42:13-83
210            android:configChanges="orientation|keyboardHidden|screenSize"
210-->[com.github.LuckSiege.PictureSelector:picture_library:v2.6.0] AndroidManifest.xml:43:13-74
211            android:theme="@style/Picture.Theme.Translucent" />
211-->[com.github.LuckSiege.PictureSelector:picture_library:v2.6.0] AndroidManifest.xml:44:13-61
212        <activity
212-->[com.github.LuckSiege.PictureSelector:picture_library:v2.6.0] AndroidManifest.xml:45:9-47:77
213            android:name="com.luck.picture.lib.PictureCustomCameraActivity"
213-->[com.github.LuckSiege.PictureSelector:picture_library:v2.6.0] AndroidManifest.xml:46:13-76
214            android:configChanges="orientation|keyboardHidden|screenSize" />
214-->[com.github.LuckSiege.PictureSelector:picture_library:v2.6.0] AndroidManifest.xml:47:13-74
215        <activity
215-->[com.github.LuckSiege.PictureSelector:picture_library:v2.6.0] AndroidManifest.xml:48:9-50:77
216            android:name="com.luck.picture.lib.PicturePreviewActivity"
216-->[com.github.LuckSiege.PictureSelector:picture_library:v2.6.0] AndroidManifest.xml:49:13-71
217            android:configChanges="orientation|keyboardHidden|screenSize" />
217-->[com.github.LuckSiege.PictureSelector:picture_library:v2.6.0] AndroidManifest.xml:50:13-74
218        <activity
218-->[com.github.LuckSiege.PictureSelector:picture_library:v2.6.0] AndroidManifest.xml:51:9-53:77
219            android:name="com.luck.picture.lib.PictureSelectorPreviewWeChatStyleActivity"
219-->[com.github.LuckSiege.PictureSelector:picture_library:v2.6.0] AndroidManifest.xml:52:13-90
220            android:configChanges="orientation|keyboardHidden|screenSize" />
220-->[com.github.LuckSiege.PictureSelector:picture_library:v2.6.0] AndroidManifest.xml:53:13-74
221        <activity
221-->[com.github.LuckSiege.PictureSelector:picture_library:v2.6.0] AndroidManifest.xml:54:9-57:50
222            android:name="com.luck.picture.lib.PictureVideoPlayActivity"
222-->[com.github.LuckSiege.PictureSelector:picture_library:v2.6.0] AndroidManifest.xml:55:13-73
223            android:configChanges="orientation|keyboardHidden|screenSize"
223-->[com.github.LuckSiege.PictureSelector:picture_library:v2.6.0] AndroidManifest.xml:56:13-74
224            android:screenOrientation="sensor" />
224-->[com.github.LuckSiege.PictureSelector:picture_library:v2.6.0] AndroidManifest.xml:57:13-47
225        <activity
225-->[com.github.LuckSiege.PictureSelector:picture_library:v2.6.0] AndroidManifest.xml:58:9-60:77
226            android:name="com.luck.picture.lib.PictureExternalPreviewActivity"
226-->[com.github.LuckSiege.PictureSelector:picture_library:v2.6.0] AndroidManifest.xml:59:13-79
227            android:configChanges="orientation|keyboardHidden|screenSize" />
227-->[com.github.LuckSiege.PictureSelector:picture_library:v2.6.0] AndroidManifest.xml:60:13-74
228        <activity
228-->[com.github.LuckSiege.PictureSelector:picture_library:v2.6.0] AndroidManifest.xml:61:9-63:77
229            android:name="com.luck.picture.lib.PicturePlayAudioActivity"
229-->[com.github.LuckSiege.PictureSelector:picture_library:v2.6.0] AndroidManifest.xml:62:13-73
230            android:configChanges="orientation|keyboardHidden|screenSize" />
230-->[com.github.LuckSiege.PictureSelector:picture_library:v2.6.0] AndroidManifest.xml:63:13-74
231        <activity
231-->[com.github.LuckSiege.PictureSelector:picture_library:v2.6.0] AndroidManifest.xml:67:9-69:61
232            android:name="com.yalantis.ucrop.PictureMultiCuttingActivity"
232-->[com.github.LuckSiege.PictureSelector:picture_library:v2.6.0] AndroidManifest.xml:68:13-74
233            android:theme="@style/Base.Theme.NoActionBar" />
233-->[com.github.LuckSiege.PictureSelector:picture_library:v2.6.0] AndroidManifest.xml:69:13-58
234        <activity
234-->[com.google.android.gms:play-services-auth:19.2.0] AndroidManifest.xml:23:9-27:75
235            android:name="com.google.android.gms.auth.api.signin.internal.SignInHubActivity"
235-->[com.google.android.gms:play-services-auth:19.2.0] AndroidManifest.xml:24:13-93
236            android:excludeFromRecents="true"
236-->[com.google.android.gms:play-services-auth:19.2.0] AndroidManifest.xml:25:13-46
237            android:exported="false"
237-->[com.google.android.gms:play-services-auth:19.2.0] AndroidManifest.xml:26:13-37
238            android:theme="@android:style/Theme.Translucent.NoTitleBar" />
238-->[com.google.android.gms:play-services-auth:19.2.0] AndroidManifest.xml:27:13-72
239        <!--
240            Service handling Google Sign-In user revocation. For apps that do not integrate with
241            Google Sign-In, this service will never be started.
242        -->
243        <service
243-->[com.google.android.gms:play-services-auth:19.2.0] AndroidManifest.xml:33:9-37:51
244            android:name="com.google.android.gms.auth.api.signin.RevocationBoundService"
244-->[com.google.android.gms:play-services-auth:19.2.0] AndroidManifest.xml:34:13-89
245            android:exported="true"
245-->[com.google.android.gms:play-services-auth:19.2.0] AndroidManifest.xml:35:13-36
246            android:permission="com.google.android.gms.auth.api.signin.permission.REVOCATION_NOTIFICATION"
246-->[com.google.android.gms:play-services-auth:19.2.0] AndroidManifest.xml:36:13-107
247            android:visibleToInstantApps="true" />
247-->[com.google.android.gms:play-services-auth:19.2.0] AndroidManifest.xml:37:13-48
248
249        <activity
249-->[com.google.android.gms:play-services-base:17.5.0] AndroidManifest.xml:23:9-26:75
250            android:name="com.google.android.gms.common.api.GoogleApiActivity"
250-->[com.google.android.gms:play-services-base:17.5.0] AndroidManifest.xml:24:13-79
251            android:exported="false"